<?xml version="1.0" encoding="UTF-8"?>
<testng-results ignored="0" total="1" passed="1" failed="0" skipped="0">
  <reporter-output>
  </reporter-output>
  <suite started-at="2023-08-01T12:27:11 IST" name="Suite" finished-at="2023-08-01T12:27:45 IST" duration-ms="34120">
    <groups>
      <group name="cucumber">
        <method signature="AbstractTestNGCucumberTests.runScenario(io.cucumber.testng.PickleWrapper,io.cucumber.testng.FeatureWrapper)[pri:0, instance:in.swiggy.teststeps.TestRunner@4d1c005e]" name="runScenario" class="io.cucumber.testng.AbstractTestNGCucumberTests"/>
      </group> <!-- cucumber -->
    </groups>
    <test started-at="2023-08-01T12:27:11 IST" name="Test" finished-at="2023-08-01T12:27:45 IST" duration-ms="34120">
      <class name="in.swiggy.teststeps.TestRunner">
        <test-method is-config="true" signature="setUpClass(org.testng.ITestContext)[pri:0, instance:in.swiggy.teststeps.TestRunner@4d1c005e]" started-at="2023-08-01T12:27:11 IST" name="setUpClass" finished-at="2023-08-01T12:27:11 IST" duration-ms="198" status="PASS">
          <params>
            <param index="0">
              <value>
                <![CDATA[org.testng.TestRunner@25a94b55]]>
              </value>
            </param>
          </params>
          <reporter-output>
          </reporter-output>
        </test-method> <!-- setUpClass -->
        <test-method signature="runScenario(io.cucumber.testng.PickleWrapper,io.cucumber.testng.FeatureWrapper)[pri:0, instance:in.swiggy.teststeps.TestRunner@4d1c005e]" started-at="2023-08-01T12:27:11 IST" name="runScenario" description="Runs Cucumber Scenarios" data-provider="scenarios" finished-at="2023-08-01T12:27:45 IST" duration-ms="33659" status="PASS">
          <params>
            <param index="0">
              <value>
                <![CDATA["A user must be able to order food on Swiggy"]]>
              </value>
            </param>
            <param index="1">
              <value>
                <![CDATA["Optional[Order Food]"]]>
              </value>
            </param>
          </params>
          <reporter-output>
          </reporter-output>
        </test-method> <!-- runScenario -->
        <test-method is-config="true" signature="tearDownClass()[pri:0, instance:in.swiggy.teststeps.TestRunner@4d1c005e]" started-at="2023-08-01T12:27:45 IST" name="tearDownClass" finished-at="2023-08-01T12:27:45 IST" duration-ms="5" status="PASS">
          <reporter-output>
          </reporter-output>
        </test-method> <!-- tearDownClass -->
      </class> <!-- in.swiggy.teststeps.TestRunner -->
    </test> <!-- Test -->
  </suite> <!-- Suite -->
</testng-results>
